<?xml version="1.0" encoding="UTF-8"?>
<!-- Generated by org.testng.reporters.JUnitReportReporter -->
<testsuite hostname="Mohsinz" failures="0" tests="2" name="day5_14042025.GroupsDemo" time="0.019" errors="0" timestamp="2025-04-14T08:05:24 IST" skipped="0">
  <testcase classname="day5_14042025.GroupsDemo" name="Test2" time="0.001"/>
  <system-out/>
  <testcase classname="day5_14042025.GroupsDemo" name="Test1" time="0.018"/>
  <system-out/>
</testsuite> <!-- day5_14042025.GroupsDemo -->
