<?xml version="1.0" encoding="UTF-8"?>
<!-- Generated by org.testng.reporters.JUnitReportReporter -->
<testsuite hostname="Mohsinz" failures="0" tests="2" name="day5_14042025.GroupsDemo3" time="0.036" errors="0" timestamp="2025-04-14T09:51:51 IST" skipped="0">
  <testcase classname="day5_14042025.GroupsDemo3" name="Test8" time="0.003"/>
  <system-out/>
  <testcase classname="day5_14042025.GroupsDemo3" name="Test12" time="0.033"/>
  <system-out/>
</testsuite> <!-- day5_14042025.GroupsDemo3 -->
