<?xml version="1.0" encoding="UTF-8"?>
<!-- Generated by org.testng.reporters.JUnitReportReporter -->
<testsuite hostname="Mohsinz" failures="0" tests="1" name="day10_22042025.HybridFrameworkDemo" time="51.599" errors="0" timestamp="2025-04-23T08:26:21 IST" skipped="0">
  <testcase classname="day10_22042025.HybridFrameworkDemo" name="executionMethod" time="51.599"/>
  <system-out/>
</testsuite> <!-- day10_22042025.HybridFrameworkDemo -->
