<?xml version="1.0" encoding="UTF-8"?>
<!-- Generated by org.testng.reporters.JUnitReportReporter -->
<testsuite hostname="Mohsinz" failures="0" tests="2" name="day1_07042025.AnnotationsDemo" time="0.024" errors="0" timestamp="2025-04-07T10:08:57 IST" skipped="0">
  <testcase classname="day1_07042025.AnnotationsDemo" name="test1" time="0.019"/>
  <system-out/>
  <testcase classname="day1_07042025.AnnotationsDemo" name="test2" time="0.005"/>
  <system-out/>
</testsuite> <!-- day1_07042025.AnnotationsDemo -->
