<?xml version="1.0" encoding="UTF-8"?>
<!-- Generated by org.testng.reporters.JUnitReportReporter -->
<testsuite hostname="Mohsinz" failures="0" tests="3" name="day3_09042025.DataProviderDemo" time="29.965" errors="0" timestamp="2025-04-14T08:39:29 IST" skipped="0">
  <testcase classname="day3_09042025.DataProviderDemo" name="srchMobile" time="13.734"/>
  <system-out/>
  <testcase classname="day3_09042025.DataProviderDemo" name="srchMobile" time="3.723"/>
  <system-out/>
  <testcase classname="day3_09042025.DataProviderDemo" name="srchMobile" time="12.508"/>
  <system-out/>
</testsuite> <!-- day3_09042025.DataProviderDemo -->
