<?xml version="1.0" encoding="UTF-8"?>
<!-- Generated by org.testng.reporters.JUnitReportReporter -->
<testsuite hostname="Mohsinz" failures="0" tests="1" name="day9_19042025.DataDrivenFramewokDemo" time="50.411" errors="0" timestamp="2025-04-20T06:24:57 IST" skipped="0">
  <testcase classname="day9_19042025.DataDrivenFramewokDemo" name="executionMethod" time="50.411"/>
  <system-out/>
</testsuite> <!-- day9_19042025.DataDrivenFramewokDemo -->
