<?xml version="1.0" encoding="UTF-8"?>
<!-- Generated by org.testng.reporters.JUnitReportReporter -->
<testsuite hostname="Mohsinz" failures="0" tests="1" name="day3_09042025.parent" time="7.142" errors="0" timestamp="2025-04-09T07:56:52 IST" skipped="0">
  <testcase classname="day3_09042025.parent" name="setup" time="7.142"/>
  <system-out/>
</testsuite> <!-- day3_09042025.parent -->
