<?xml version="1.0" encoding="UTF-8"?>
<!-- Generated by org.testng.reporters.JUnitReportReporter -->
<testsuite hostname="Mohsinz" failures="0" tests="4" name="day6_15042025.CrossBrowserTestingDemo" time="13.503" errors="0" timestamp="2025-04-15T08:23:40 IST" skipped="0">
  <testcase classname="day6_15042025.CrossBrowserTestingDemo" name="LaunchBrowser" time="4.743"/>
  <system-out/>
  <testcase classname="day6_15042025.CrossBrowserTestingDemo" name="LaunchBrowser" time="4.086"/>
  <system-out/>
  <testcase classname="day6_15042025.CrossBrowserTestingDemo" name="AppLaunch" time="2.679"/>
  <system-out/>
  <testcase classname="day6_15042025.CrossBrowserTestingDemo" name="AppLaunch" time="1.995"/>
  <system-out/>
</testsuite> <!-- day6_15042025.CrossBrowserTestingDemo -->
