<?xml version="1.0" encoding="UTF-8"?>
<!-- Generated by org.testng.reporters.JUnitReportReporter -->
<testsuite hostname="Mohsinz" failures="0" tests="1" name="day7.CallingPOM" time="13.617" errors="0" timestamp="2025-04-18T08:36:10 IST" skipped="0">
  <testcase classname="day7.CallingPOM" name="executionMethod" time="13.617"/>
  <system-out/>
</testsuite> <!-- day7.CallingPOM -->
