<?xml version="1.0" encoding="UTF-8"?>
<!-- Generated by org.testng.reporters.JUnitReportReporter -->
<testsuite hostname="Mohsinz" failures="0" tests="5" name="day5_14042025.GroupsDemo1" time="0.053" errors="0" timestamp="2025-05-06T13:50:11 IST" skipped="0">
  <testcase classname="day5_14042025.GroupsDemo1" name="Test10" time="0.003"/>
  <system-out/>
  <testcase classname="day5_14042025.GroupsDemo1" name="Test3" time="0.002"/>
  <system-out/>
  <testcase classname="day5_14042025.GroupsDemo1" name="Test1" time="0.040"/>
  <system-out/>
  <testcase classname="day5_14042025.GroupsDemo1" name="Test2" time="0.004"/>
  <system-out/>
  <testcase classname="day5_14042025.GroupsDemo1" name="Test11" time="0.004"/>
  <system-out/>
</testsuite> <!-- day5_14042025.GroupsDemo1 -->
