<?xml version="1.0" encoding="UTF-8"?>
<!-- Generated by org.testng.reporters.JUnitReportReporter -->
<testsuite hostname="Mohsinz" failures="0" tests="5" name="day5_14042025.GroupsDemo2" time="0.052" errors="0" timestamp="2025-04-14T09:50:35 IST" skipped="0">
  <testcase classname="day5_14042025.GroupsDemo2" name="Test11" time="0.005"/>
  <system-out/>
  <testcase classname="day5_14042025.GroupsDemo2" name="Test10" time="0.003"/>
  <system-out/>
  <testcase classname="day5_14042025.GroupsDemo2" name="Test1" time="0.036"/>
  <system-out/>
  <testcase classname="day5_14042025.GroupsDemo2" name="Test2" time="0.005"/>
  <system-out/>
  <testcase classname="day5_14042025.GroupsDemo2" name="Test3" time="0.003"/>
  <system-out/>
</testsuite> <!-- day5_14042025.GroupsDemo2 -->
