<?xml version="1.0" encoding="UTF-8"?>
<!-- Generated by org.testng.reporters.JUnitReportReporter -->
<testsuite hostname="Mohsinz" failures="0" tests="2" name="day3_09042025.DependencyMethodDemo" time="16.623" errors="0" timestamp="2025-04-09T07:56:52 IST" skipped="0">
  <testcase classname="day3_09042025.DependencyMethodDemo" name="setup" time="14.772"/>
  <system-out/>
  <testcase classname="day3_09042025.DependencyMethodDemo" name="Login" time="1.851"/>
  <system-out/>
</testsuite> <!-- day3_09042025.DependencyMethodDemo -->
