<?xml version="1.0" encoding="UTF-8"?>
<!-- Generated by org.testng.reporters.JUnitReportReporter -->
<testsuite hostname="Mohsinz" failures="0" tests="4" name="day6_15042025.CrossBrowserTestingDemo" time="18.920" errors="0" timestamp="2025-05-06T13:50:35 IST" skipped="0">
  <testcase classname="day6_15042025.CrossBrowserTestingDemo" name="LaunchBrowser" time="6.877"/>
  <system-out/>
  <testcase classname="day6_15042025.CrossBrowserTestingDemo" name="LaunchBrowser" time="6.777"/>
  <system-out/>
  <testcase classname="day6_15042025.CrossBrowserTestingDemo" name="AppLaunch" time="3.206"/>
  <system-out/>
  <testcase classname="day6_15042025.CrossBrowserTestingDemo" name="AppLaunch" time="2.060"/>
  <system-out/>
</testsuite> <!-- day6_15042025.CrossBrowserTestingDemo -->
