<?xml version="1.0" encoding="UTF-8"?>
<!-- Generated by org.testng.reporters.JUnitReportReporter -->
<testsuite hostname="Mohsinz" failures="0" tests="5" name="day5_14042025.GroupsDemo1" time="0.065" errors="0" timestamp="2025-04-14T09:50:15 IST" skipped="0">
  <testcase classname="day5_14042025.GroupsDemo1" name="Test11" time="0.005"/>
  <system-out/>
  <testcase classname="day5_14042025.GroupsDemo1" name="Test2" time="0.004"/>
  <system-out/>
  <testcase classname="day5_14042025.GroupsDemo1" name="Test3" time="0.004"/>
  <system-out/>
  <testcase classname="day5_14042025.GroupsDemo1" name="Test1" time="0.047"/>
  <system-out/>
  <testcase classname="day5_14042025.GroupsDemo1" name="Test10" time="0.005"/>
  <system-out/>
</testsuite> <!-- day5_14042025.GroupsDemo1 -->
