<?xml version="1.0" encoding="UTF-8"?>
<!-- Generated by org.testng.reporters.JUnitReportReporter -->
<testsuite hostname="Mohsinz" failures="0" tests="4" name="day6_15042025.CrossBrowserTestingDemo" time="20.159" errors="0" timestamp="2025-05-08T09:02:21 IST" skipped="0">
  <testcase classname="day6_15042025.CrossBrowserTestingDemo" name="LaunchBrowser" time="8.263"/>
  <testcase classname="day6_15042025.CrossBrowserTestingDemo" name="LaunchBrowser" time="5.965"/>
  <testcase classname="day6_15042025.CrossBrowserTestingDemo" name="AppLaunch" time="2.603"/>
  <testcase classname="day6_15042025.CrossBrowserTestingDemo" name="AppLaunch" time="3.328"/>
</testsuite> <!-- day6_15042025.CrossBrowserTestingDemo -->
